{"/Users/usounds/Program/Rito/backend/src/config.ts": {"path":"/Users/usounds/Program/Rito/backend/src/config.ts","statementMap":{"0":{"start":{"line":3,"column":28},"end":{"line":3,"column":null}},"1":{"start":{"line":4,"column":24},"end":{"line":4,"column":null}},"2":{"start":{"line":5,"column":20},"end":{"line":5,"column":null}},"3":{"start":{"line":6,"column":23},"end":{"line":6,"column":null}},"4":{"start":{"line":7,"column":31},"end":{"line":7,"column":null}},"5":{"start":{"line":9,"column":2},"end":{"line":9,"column":null}}},"fnMap":{},"branchMap":{"0":{"loc":{"start":{"line":3,"column":28},"end":{"line":3,"column":null}},"type":"binary-expr","locations":[{"start":{"line":3,"column":28},"end":{"line":3,"column":56}},{"start":{"line":3,"column":56},"end":{"line":3,"column":null}}],"line":3},"1":{"loc":{"start":{"line":9,"column":2},"end":{"line":9,"column":null}},"type":"cond-expr","locations":[{"start":{"line":9,"column":39},"end":{"line":9,"column":84}},{"start":{"line":9,"column":84},"end":{"line":9,"column":null}}],"line":9}},"s":{"0":6,"1":6,"2":6,"3":6,"4":6,"5":6},"f":{},"b":{"0":[6,5],"1":[0,6]},"meta":{"lastBranch":2,"lastFunction":0,"lastStatement":6,"seen":{"s:3:28:3:Infinity":0,"b:3:28:3:56:3:56:3:Infinity":0,"s:4:24:4:Infinity":1,"s:5:20:5:Infinity":2,"s:6:23:6:Infinity":3,"s:7:31:7:Infinity":4,"s:9:2:9:Infinity":5,"b:9:39:9:84:9:84:9:Infinity":1}}}
,"/Users/usounds/Program/Rito/backend/src/logger.ts": {"path":"/Users/usounds/Program/Rito/backend/src/logger.ts","statementMap":{"0":{"start":{"line":3,"column":6},"end":{"line":16,"column":null}}},"fnMap":{},"branchMap":{"0":{"loc":{"start":{"line":4,"column":11},"end":{"line":4,"column":null}},"type":"binary-expr","locations":[{"start":{"line":4,"column":11},"end":{"line":4,"column":36}},{"start":{"line":4,"column":36},"end":{"line":4,"column":null}}],"line":4}},"s":{"0":1},"f":{},"b":{"0":[1,1]},"meta":{"lastBranch":1,"lastFunction":0,"lastStatement":1,"seen":{"s:3:6:16:Infinity":0,"b:4:11:4:36:4:36:4:Infinity":0}}}
,"/Users/usounds/Program/Rito/backend/src/utils.ts": {"path":"/Users/usounds/Program/Rito/backend/src/utils.ts","statementMap":{"0":{"start":{"line":59,"column":4},"end":{"line":59,"column":null}},"1":{"start":{"line":66,"column":4},"end":{"line":86,"column":null}},"2":{"start":{"line":67,"column":18},"end":{"line":67,"column":null}},"3":{"start":{"line":70,"column":8},"end":{"line":70,"column":null}},"4":{"start":{"line":70,"column":42},"end":{"line":70,"column":null}},"5":{"start":{"line":73,"column":22},"end":{"line":73,"column":null}},"6":{"start":{"line":76,"column":8},"end":{"line":76,"column":null}},"7":{"start":{"line":76,"column":30},"end":{"line":76,"column":null}},"8":{"start":{"line":79,"column":8},"end":{"line":81,"column":null}},"9":{"start":{"line":80,"column":12},"end":{"line":80,"column":null}},"10":{"start":{"line":83,"column":8},"end":{"line":83,"column":null}},"11":{"start":{"line":85,"column":8},"end":{"line":85,"column":null}},"12":{"start":{"line":93,"column":17},"end":{"line":93,"column":null}},"13":{"start":{"line":96,"column":4},"end":{"line":96,"column":null}},"14":{"start":{"line":99,"column":4},"end":{"line":102,"column":null}},"15":{"start":{"line":105,"column":4},"end":{"line":109,"column":null}},"16":{"start":{"line":111,"column":4},"end":{"line":111,"column":null}},"17":{"start":{"line":118,"column":4},"end":{"line":118,"column":null}},"18":{"start":{"line":125,"column":4},"end":{"line":136,"column":null}},"19":{"start":{"line":126,"column":20},"end":{"line":126,"column":null}},"20":{"start":{"line":127,"column":23},"end":{"line":127,"column":null}},"21":{"start":{"line":129,"column":8},"end":{"line":132,"column":null}},"22":{"start":{"line":131,"column":12},"end":{"line":131,"column":null}},"23":{"start":{"line":133,"column":8},"end":{"line":133,"column":null}},"24":{"start":{"line":135,"column":8},"end":{"line":135,"column":null}},"25":{"start":{"line":144,"column":20},"end":{"line":144,"column":null}},"26":{"start":{"line":145,"column":21},"end":{"line":145,"column":null}},"27":{"start":{"line":146,"column":4},"end":{"line":146,"column":null}},"28":{"start":{"line":154,"column":4},"end":{"line":154,"column":null}},"29":{"start":{"line":161,"column":4},"end":{"line":161,"column":null}},"30":{"start":{"line":168,"column":8},"end":{"line":170,"column":null}},"31":{"start":{"line":169,"column":34},"end":{"line":169,"column":64}},"32":{"start":{"line":170,"column":34},"end":{"line":170,"column":67}},"33":{"start":{"line":172,"column":4},"end":{"line":174,"column":null}},"34":{"start":{"line":173,"column":8},"end":{"line":173,"column":null}},"35":{"start":{"line":176,"column":4},"end":{"line":176,"column":null}},"36":{"start":{"line":184,"column":18},"end":{"line":184,"column":null}},"37":{"start":{"line":185,"column":4},"end":{"line":185,"column":null}},"38":{"start":{"line":192,"column":28},"end":{"line":192,"column":null}},"39":{"start":{"line":194,"column":4},"end":{"line":196,"column":null}},"40":{"start":{"line":195,"column":8},"end":{"line":195,"column":null}},"41":{"start":{"line":198,"column":4},"end":{"line":198,"column":null}},"42":{"start":{"line":198,"column":63},"end":{"line":198,"column":66}},"43":{"start":{"line":205,"column":27},"end":{"line":205,"column":null}},"44":{"start":{"line":207,"column":4},"end":{"line":217,"column":null}},"45":{"start":{"line":208,"column":8},"end":{"line":216,"column":null}},"46":{"start":{"line":209,"column":12},"end":{"line":215,"column":null}},"47":{"start":{"line":210,"column":16},"end":{"line":214,"column":null}},"48":{"start":{"line":211,"column":20},"end":{"line":213,"column":null}},"49":{"start":{"line":212,"column":24},"end":{"line":212,"column":null}},"50":{"start":{"line":219,"column":4},"end":{"line":219,"column":null}},"51":{"start":{"line":226,"column":4},"end":{"line":228,"column":null}},"52":{"start":{"line":227,"column":8},"end":{"line":227,"column":null}},"53":{"start":{"line":230,"column":4},"end":{"line":232,"column":null}},"54":{"start":{"line":231,"column":8},"end":{"line":231,"column":null}},"55":{"start":{"line":234,"column":4},"end":{"line":234,"column":null}},"56":{"start":{"line":241,"column":4},"end":{"line":246,"column":null}},"57":{"start":{"line":242,"column":20},"end":{"line":242,"column":null}},"58":{"start":{"line":243,"column":8},"end":{"line":243,"column":null}},"59":{"start":{"line":245,"column":8},"end":{"line":245,"column":null}}},"fnMap":{"0":{"name":"epochUsToDateTime","decl":{"start":{"line":58,"column":16},"end":{"line":58,"column":34}},"loc":{"start":{"line":58,"column":67},"end":{"line":60,"column":null}},"line":58},"1":{"name":"isValidTangledUrl","decl":{"start":{"line":65,"column":16},"end":{"line":65,"column":34}},"loc":{"start":{"line":65,"column":80},"end":{"line":87,"column":null}},"line":65},"2":{"name":"normalizeComment","decl":{"start":{"line":92,"column":16},"end":{"line":92,"column":33}},"loc":{"start":{"line":92,"column":55},"end":{"line":112,"column":null}},"line":92},"3":{"name":"extractHandleFromDidDoc","decl":{"start":{"line":117,"column":16},"end":{"line":117,"column":40}},"loc":{"start":{"line":117,"column":107},"end":{"line":119,"column":null}},"line":117},"4":{"name":"checkDomainVerification","decl":{"start":{"line":124,"column":16},"end":{"line":124,"column":40}},"loc":{"start":{"line":124,"column":82},"end":{"line":137,"column":null}},"line":124},"5":{"name":"parseTxtRecordForDid","decl":{"start":{"line":142,"column":16},"end":{"line":142,"column":37}},"loc":{"start":{"line":142,"column":69},"end":{"line":147,"column":null}},"line":142},"6":{"name":"reverseHandleToNsid","decl":{"start":{"line":153,"column":16},"end":{"line":153,"column":36}},"loc":{"start":{"line":153,"column":60},"end":{"line":155,"column":null}},"line":153},"7":{"name":"buildAtUri","decl":{"start":{"line":160,"column":16},"end":{"line":160,"column":27}},"loc":{"start":{"line":160,"column":82},"end":{"line":162,"column":null}},"line":160},"8":{"name":"normalizeTagsArray","decl":{"start":{"line":167,"column":16},"end":{"line":167,"column":35}},"loc":{"start":{"line":167,"column":97},"end":{"line":177,"column":null}},"line":167},"9":{"name":"(anonymous_9)","decl":{"start":{"line":169,"column":16},"end":{"line":169,"column":17}},"loc":{"start":{"line":169,"column":34},"end":{"line":169,"column":64}},"line":169},"10":{"name":"(anonymous_10)","decl":{"start":{"line":170,"column":16},"end":{"line":170,"column":17}},"loc":{"start":{"line":170,"column":34},"end":{"line":170,"column":67}},"line":170},"11":{"name":"buildDnsTxtSubdomain","decl":{"start":{"line":183,"column":16},"end":{"line":183,"column":37}},"loc":{"start":{"line":183,"column":59},"end":{"line":186,"column":null}},"line":183},"12":{"name":"extractLinksFromPost","decl":{"start":{"line":191,"column":16},"end":{"line":191,"column":37}},"loc":{"start":{"line":191,"column":60},"end":{"line":199,"column":null}},"line":191},"13":{"name":"(anonymous_13)","decl":{"start":{"line":198,"column":43},"end":{"line":198,"column":44}},"loc":{"start":{"line":198,"column":63},"end":{"line":198,"column":66}},"line":198},"14":{"name":"extractTagsFromFacets","decl":{"start":{"line":204,"column":16},"end":{"line":204,"column":38}},"loc":{"start":{"line":204,"column":63},"end":{"line":220,"column":null}},"line":204},"15":{"name":"shouldProcessAsRitoPost","decl":{"start":{"line":225,"column":16},"end":{"line":225,"column":40}},"loc":{"start":{"line":225,"column":79},"end":{"line":235,"column":null}},"line":225},"16":{"name":"parseDomainFromUrl","decl":{"start":{"line":240,"column":16},"end":{"line":240,"column":35}},"loc":{"start":{"line":240,"column":69},"end":{"line":247,"column":null}},"line":240}},"branchMap":{"0":{"loc":{"start":{"line":70,"column":8},"end":{"line":70,"column":null}},"type":"if","locations":[{"start":{"line":70,"column":8},"end":{"line":70,"column":null}},{"start":{},"end":{}}],"line":70},"1":{"loc":{"start":{"line":76,"column":8},"end":{"line":76,"column":null}},"type":"if","locations":[{"start":{"line":76,"column":8},"end":{"line":76,"column":null}},{"start":{},"end":{}}],"line":76},"2":{"loc":{"start":{"line":79,"column":8},"end":{"line":81,"column":null}},"type":"if","locations":[{"start":{"line":79,"column":8},"end":{"line":81,"column":null}},{"start":{},"end":{}}],"line":79},"3":{"loc":{"start":{"line":79,"column":12},"end":{"line":79,"column":78}},"type":"binary-expr","locations":[{"start":{"line":79,"column":12},"end":{"line":79,"column":43}},{"start":{"line":79,"column":43},"end":{"line":79,"column":78}}],"line":79},"4":{"loc":{"start":{"line":117,"column":62},"end":{"line":117,"column":107}},"type":"default-arg","locations":[{"start":{"line":117,"column":86},"end":{"line":117,"column":107}}],"line":117},"5":{"loc":{"start":{"line":118,"column":11},"end":{"line":118,"column":null}},"type":"binary-expr","locations":[{"start":{"line":118,"column":11},"end":{"line":118,"column":64}},{"start":{"line":118,"column":64},"end":{"line":118,"column":null}}],"line":118},"6":{"loc":{"start":{"line":129,"column":8},"end":{"line":132,"column":null}},"type":"if","locations":[{"start":{"line":129,"column":8},"end":{"line":132,"column":null}},{"start":{},"end":{}}],"line":129},"7":{"loc":{"start":{"line":129,"column":8},"end":{"line":130,"column":66}},"type":"binary-expr","locations":[{"start":{"line":129,"column":13},"end":{"line":129,"column":37}},{"start":{"line":129,"column":37},"end":{"line":129,"column":null}},{"start":{"line":130,"column":13},"end":{"line":130,"column":34}},{"start":{"line":130,"column":34},"end":{"line":130,"column":66}}],"line":129},"8":{"loc":{"start":{"line":146,"column":11},"end":{"line":146,"column":null}},"type":"cond-expr","locations":[{"start":{"line":146,"column":22},"end":{"line":146,"column":36}},{"start":{"line":146,"column":36},"end":{"line":146,"column":null}}],"line":146},"9":{"loc":{"start":{"line":167,"column":51},"end":{"line":167,"column":97}},"type":"default-arg","locations":[{"start":{"line":167,"column":80},"end":{"line":167,"column":97}}],"line":167},"10":{"loc":{"start":{"line":168,"column":18},"end":{"line":168,"column":null}},"type":"binary-expr","locations":[{"start":{"line":168,"column":18},"end":{"line":168,"column":26}},{"start":{"line":168,"column":26},"end":{"line":168,"column":null}}],"line":168},"11":{"loc":{"start":{"line":169,"column":34},"end":{"line":169,"column":64}},"type":"binary-expr","locations":[{"start":{"line":169,"column":34},"end":{"line":169,"column":42}},{"start":{"line":169,"column":42},"end":{"line":169,"column":64}}],"line":169},"12":{"loc":{"start":{"line":172,"column":4},"end":{"line":174,"column":null}},"type":"if","locations":[{"start":{"line":172,"column":4},"end":{"line":174,"column":null}},{"start":{},"end":{}}],"line":172},"13":{"loc":{"start":{"line":194,"column":4},"end":{"line":196,"column":null}},"type":"if","locations":[{"start":{"line":194,"column":4},"end":{"line":196,"column":null}},{"start":{},"end":{}}],"line":194},"14":{"loc":{"start":{"line":194,"column":8},"end":{"line":194,"column":89}},"type":"binary-expr","locations":[{"start":{"line":194,"column":8},"end":{"line":194,"column":61}},{"start":{"line":194,"column":61},"end":{"line":194,"column":89}}],"line":194},"15":{"loc":{"start":{"line":207,"column":4},"end":{"line":217,"column":null}},"type":"if","locations":[{"start":{"line":207,"column":4},"end":{"line":217,"column":null}},{"start":{},"end":{}}],"line":207},"16":{"loc":{"start":{"line":209,"column":12},"end":{"line":215,"column":null}},"type":"if","locations":[{"start":{"line":209,"column":12},"end":{"line":215,"column":null}},{"start":{},"end":{}}],"line":209},"17":{"loc":{"start":{"line":211,"column":20},"end":{"line":213,"column":null}},"type":"if","locations":[{"start":{"line":211,"column":20},"end":{"line":213,"column":null}},{"start":{},"end":{}}],"line":211},"18":{"loc":{"start":{"line":211,"column":24},"end":{"line":211,"column":88}},"type":"binary-expr","locations":[{"start":{"line":211,"column":24},"end":{"line":211,"column":75}},{"start":{"line":211,"column":75},"end":{"line":211,"column":88}}],"line":211},"19":{"loc":{"start":{"line":226,"column":4},"end":{"line":228,"column":null}},"type":"if","locations":[{"start":{"line":226,"column":4},"end":{"line":228,"column":null}},{"start":{},"end":{}}],"line":226},"20":{"loc":{"start":{"line":230,"column":4},"end":{"line":232,"column":null}},"type":"if","locations":[{"start":{"line":230,"column":4},"end":{"line":232,"column":null}},{"start":{},"end":{}}],"line":230},"21":{"loc":{"start":{"line":230,"column":8},"end":{"line":230,"column":40}},"type":"binary-expr","locations":[{"start":{"line":230,"column":8},"end":{"line":230,"column":24}},{"start":{"line":230,"column":24},"end":{"line":230,"column":40}}],"line":230}},"s":{"0":4,"1":8,"2":8,"3":8,"4":1,"5":5,"6":5,"7":1,"8":4,"9":1,"10":3,"11":2,"12":10,"13":10,"14":10,"15":10,"16":10,"17":4,"18":6,"19":6,"20":6,"21":6,"22":3,"23":2,"24":1,"25":5,"26":5,"27":5,"28":4,"29":2,"30":4,"31":10,"32":8,"33":4,"34":1,"35":4,"36":2,"37":2,"38":4,"39":4,"40":2,"41":4,"42":2,"43":4,"44":4,"45":3,"46":2,"47":2,"48":4,"49":3,"50":4,"51":5,"52":1,"53":4,"54":2,"55":2,"56":4,"57":4,"58":4,"59":2},"f":{"0":4,"1":8,"2":10,"3":4,"4":6,"5":5,"6":4,"7":2,"8":4,"9":10,"10":8,"11":2,"12":4,"13":2,"14":4,"15":5,"16":4},"b":{"0":[1,7],"1":[1,4],"2":[1,3],"3":[4,3],"4":[4],"5":[4,3],"6":[3,3],"7":[6,1,4,2],"8":[3,2],"9":[4],"10":[4,0],"11":[10,9],"12":[1,3],"13":[2,2],"14":[4,2],"15":[3,1],"16":[2,0],"17":[3,1],"18":[4,3],"19":[1,4],"20":[2,2],"21":[4,3]},"meta":{"lastBranch":22,"lastFunction":17,"lastStatement":60,"seen":{"f:58:16:58:34":0,"s:59:4:59:Infinity":0,"f:65:16:65:34":1,"s:66:4:86:Infinity":1,"s:67:18:67:Infinity":2,"b:70:8:70:Infinity:undefined:undefined:undefined:undefined":0,"s:70:8:70:Infinity":3,"s:70:42:70:Infinity":4,"s:73:22:73:Infinity":5,"b:76:8:76:Infinity:undefined:undefined:undefined:undefined":1,"s:76:8:76:Infinity":6,"s:76:30:76:Infinity":7,"b:79:8:81:Infinity:undefined:undefined:undefined:undefined":2,"s:79:8:81:Infinity":8,"b:79:12:79:43:79:43:79:78":3,"s:80:12:80:Infinity":9,"s:83:8:83:Infinity":10,"s:85:8:85:Infinity":11,"f:92:16:92:33":2,"s:93:17:93:Infinity":12,"s:96:4:96:Infinity":13,"s:99:4:102:Infinity":14,"s:105:4:109:Infinity":15,"s:111:4:111:Infinity":16,"f:117:16:117:40":3,"b:117:86:117:107":4,"s:118:4:118:Infinity":17,"b:118:11:118:64:118:64:118:Infinity":5,"f:124:16:124:40":4,"s:125:4:136:Infinity":18,"s:126:20:126:Infinity":19,"s:127:23:127:Infinity":20,"b:129:8:132:Infinity:undefined:undefined:undefined:undefined":6,"s:129:8:132:Infinity":21,"b:129:13:129:37:129:37:129:Infinity:130:13:130:34:130:34:130:66":7,"s:131:12:131:Infinity":22,"s:133:8:133:Infinity":23,"s:135:8:135:Infinity":24,"f:142:16:142:37":5,"s:144:20:144:Infinity":25,"s:145:21:145:Infinity":26,"s:146:4:146:Infinity":27,"b:146:22:146:36:146:36:146:Infinity":8,"f:153:16:153:36":6,"s:154:4:154:Infinity":28,"f:160:16:160:27":7,"s:161:4:161:Infinity":29,"f:167:16:167:35":8,"b:167:80:167:97":9,"s:168:8:170:Infinity":30,"b:168:18:168:26:168:26:168:Infinity":10,"f:169:16:169:17":9,"s:169:34:169:64":31,"b:169:34:169:42:169:42:169:64":11,"f:170:16:170:17":10,"s:170:34:170:67":32,"b:172:4:174:Infinity:undefined:undefined:undefined:undefined":12,"s:172:4:174:Infinity":33,"s:173:8:173:Infinity":34,"s:176:4:176:Infinity":35,"f:183:16:183:37":11,"s:184:18:184:Infinity":36,"s:185:4:185:Infinity":37,"f:191:16:191:37":12,"s:192:28:192:Infinity":38,"b:194:4:196:Infinity:undefined:undefined:undefined:undefined":13,"s:194:4:196:Infinity":39,"b:194:8:194:61:194:61:194:89":14,"s:195:8:195:Infinity":40,"s:198:4:198:Infinity":41,"f:198:43:198:44":13,"s:198:63:198:66":42,"f:204:16:204:38":14,"s:205:27:205:Infinity":43,"b:207:4:217:Infinity:undefined:undefined:undefined:undefined":15,"s:207:4:217:Infinity":44,"s:208:8:216:Infinity":45,"b:209:12:215:Infinity:undefined:undefined:undefined:undefined":16,"s:209:12:215:Infinity":46,"s:210:16:214:Infinity":47,"b:211:20:213:Infinity:undefined:undefined:undefined:undefined":17,"s:211:20:213:Infinity":48,"b:211:24:211:75:211:75:211:88":18,"s:212:24:212:Infinity":49,"s:219:4:219:Infinity":50,"f:225:16:225:40":15,"b:226:4:228:Infinity:undefined:undefined:undefined:undefined":19,"s:226:4:228:Infinity":51,"s:227:8:227:Infinity":52,"b:230:4:232:Infinity:undefined:undefined:undefined:undefined":20,"s:230:4:232:Infinity":53,"b:230:8:230:24:230:24:230:40":21,"s:231:8:231:Infinity":54,"s:234:4:234:Infinity":55,"f:240:16:240:35":16,"s:241:4:246:Infinity":56,"s:242:20:242:Infinity":57,"s:243:8:243:Infinity":58,"s:245:8:245:Infinity":59}}}
}
